#
# There is insufficient memory for the Java Runtime Environment to continue.
# Native memory allocation (mmap) failed to map 266338304 bytes for Failed to commit area from 0x0000000702400000 to 0x0000000712200000 of length 266338304.
# Possible reasons:
#   The system is out of physical RAM or swap space
#   The process is running with CompressedOops enabled, and the Java Heap may be blocking the growth of the native heap
# Possible solutions:
#   Reduce memory load on the system
#   Increase physical memory or swap space
#   Check if swap backing store is full
#   Decrease Java heap size (-Xmx/-Xms)
#   Decrease number of Java threads
#   Decrease Java thread stack sizes (-Xss)
#   Set larger code cache with -XX:ReservedCodeCacheSize=
# This output file may be truncated or incomplete.
#
#  Out of Memory Error (t:/workspace/open/src/hotspot/os/windows/os_windows.cpp:3269), pid=13044, tid=15704
#
# JRE version:  (11.0.2+9) (build )
# Java VM: OpenJDK 64-Bit Server VM (11.0.2+9, mixed mode, aot, sharing, tiered, compressed oops, g1 gc, windows-amd64)
# No core dump will be written. Minidumps are not enabled by default on client versions of Windows
#

---------------  S U M M A R Y ------------

Command Line: -Dcom.sun.management.jmxremote -Dcom.sun.management.jmxremote.port=56571 -Dcom.sun.management.jmxremote.authenticate=false -Dcom.sun.management.jmxremote.ssl=false -Djava.rmi.server.hostname=localhost -Dspring.jmx.enabled=true -Dspring.application.admin.enabled=true -Djdk.tls.client.protocols=TLSv1.2 -Xverify:none -XX:TieredStopAtLevel=1 -Dfile.encoding=UTF-8 com.coder.springbootmongodbapp.SpringBootMongodbMicroseerviceElsBackendAppApplication

Host: Intel(R) Core(TM) i7-7500U CPU @ 2.70GHz, 4 cores, 15G,  Windows 10 , 64 bit Build 18362 (10.0.18362.1110)
Time: Sat Dec 26 20:49:00 2020 Afr. centrale Ouest elapsed time: 0 seconds (0d 0h 0m 0s)

---------------  T H R E A D  ---------------

Current thread (0x0000025cc2134000):  JavaThread "Unknown thread" [_thread_in_vm, id=15704, stack(0x0000009d3af00000,0x0000009d3b000000)]

Stack: [0x0000009d3af00000,0x0000009d3b000000]
Native frames: (J=compiled Java code, j=interpreted, Vv=VM code, C=native code)
V  [jvm.dll+0x63489a]
V  [jvm.dll+0x771f9f]
V  [jvm.dll+0x773648]
V  [jvm.dll+0x773d03]
V  [jvm.dll+0x25eba8]
V  [jvm.dll+0x631d3a]
V  [jvm.dll+0x626775]
V  [jvm.dll+0x313ffc]
V  [jvm.dll+0x313e82]
V  [jvm.dll+0x3196e6]
V  [jvm.dll+0x36579f]
V  [jvm.dll+0x3651c0]
V  [jvm.dll+0x2f0ff8]
V  [jvm.dll+0x2f2156]
V  [jvm.dll+0x74b4f7]
V  [jvm.dll+0x74cc3f]
V  [jvm.dll+0x372609]
V  [jvm.dll+0x731b69]
V  [jvm.dll+0x3e1bad]
V  [jvm.dll+0x3e3e81]
C  [javaw.exe+0x3617]
C  [javaw.exe+0x17a6c]
C  [KERNEL32.DLL+0x17c24]
C  [ntdll.dll+0x6cea1]


---------------  P R O C E S S  ---------------

Threads class SMR info:
_java_thread_list=0x0000025cbff4cea0, length=0, elements={
}

Java Threads: ( => current thread )

Other Threads:
  0x0000025cc214b000 GCTaskThread "GC Thread#0" [stack: 0x0000009d3b000000,0x0000009d3b100000] [id=11628]
  0x0000025cc21a6000 ConcurrentGCThread "G1 Main Marker" [stack: 0x0000009d3b100000,0x0000009d3b200000] [id=14208]
  0x0000025cc21a8000 ConcurrentGCThread "G1 Conc#0" [stack: 0x0000009d3b200000,0x0000009d3b300000] [id=1836]

[error occurred during error reporting (printing all threads), id 0xc0000005, EXCEPTION_ACCESS_VIOLATION (0xc0000005) at pc=0x00007ffb0371f5b7]

VM state:not at safepoint (not fully initialized)

VM Mutex/Monitor currently owned by a thread:  ([mutex/lock_event])
[0x0000025cc2132bf0] Heap_lock - owner thread: 0x0000025cc2134000

Heap address: 0x0000000702400000, size: 4060 MB, Compressed Oops mode: Non-zero based: 0x0000000702400000
Narrow klass base: 0x0000000000000000, Narrow klass shift: 0

GC Heap History (0 events):
No events

Deoptimization events (0 events):
No events

Classes redefined (0 events):
No events

Internal exceptions (0 events):
No events

Events (0 events):
No events


Dynamic libraries:
0x00007ff739550000 - 0x00007ff739595000 	C:\Program Files\Java\jdk-11.0.2\bin\javaw.exe
0x00007ffb7be40000 - 0x00007ffb7c030000 	C:\WINDOWS\SYSTEM32\ntdll.dll
0x00007ffb55d90000 - 0x00007ffb55da2000 	C:\Program Files\AVG\Antivirus\aswhook.dll
0x00007ffb7b560000 - 0x00007ffb7b612000 	C:\WINDOWS\System32\KERNEL32.DLL
0x00007ffb79550000 - 0x00007ffb797f5000 	C:\WINDOWS\System32\KERNELBASE.dll
0x00007ffb7b3c0000 - 0x00007ffb7b554000 	C:\WINDOWS\System32\USER32.dll
0x00007ffb79830000 - 0x00007ffb79851000 	C:\WINDOWS\System32\win32u.dll
0x00007ffb7bc70000 - 0x00007ffb7bc96000 	C:\WINDOWS\System32\GDI32.dll
0x00007ffb79c20000 - 0x00007ffb79db6000 	C:\WINDOWS\System32\gdi32full.dll
0x00007ffb79a10000 - 0x00007ffb79aae000 	C:\WINDOWS\System32\msvcp_win.dll
0x00007ffb79ab0000 - 0x00007ffb79baa000 	C:\WINDOWS\System32\ucrtbase.dll
0x00007ffb67370000 - 0x00007ffb675f4000 	C:\WINDOWS\WinSxS\amd64_microsoft.windows.common-controls_6595b64144ccf1df_6.0.18362.1139_none_9e7bf2d3e4605ac6\COMCTL32.dll
0x00007ffb7bbd0000 - 0x00007ffb7bc6e000 	C:\WINDOWS\System32\msvcrt.dll
0x00007ffb7a8b0000 - 0x00007ffb7abe5000 	C:\WINDOWS\System32\combase.dll
0x00007ffb7b960000 - 0x00007ffb7ba80000 	C:\WINDOWS\System32\RPCRT4.dll
0x00007ffb79e70000 - 0x00007ffb79ef0000 	C:\WINDOWS\System32\bcryptPrimitives.dll
0x00007ffb7bd50000 - 0x00007ffb7bd7e000 	C:\WINDOWS\System32\IMM32.DLL
0x00007ffb6fe20000 - 0x00007ffb6fe36000 	C:\Program Files\Java\jdk-11.0.2\bin\vcruntime140.dll
0x00007ffb4c230000 - 0x00007ffb4c2da000 	C:\Program Files\Java\jdk-11.0.2\bin\msvcp140.dll
0x00007ffb03420000 - 0x00007ffb03f43000 	C:\Program Files\Java\jdk-11.0.2\bin\server\jvm.dll
0x00007ffb7a0a0000 - 0x00007ffb7a143000 	C:\WINDOWS\System32\ADVAPI32.dll
0x00007ffb7b620000 - 0x00007ffb7b6b7000 	C:\WINDOWS\System32\sechost.dll
0x00007ffb7b8c0000 - 0x00007ffb7b8c8000 	C:\WINDOWS\System32\PSAPI.DLL
0x00007ffb672b0000 - 0x00007ffb672b9000 	C:\WINDOWS\SYSTEM32\WSOCK32.dll
0x00007ffb7b6c0000 - 0x00007ffb7b72f000 	C:\WINDOWS\System32\WS2_32.dll
0x00007ffb6f9a0000 - 0x00007ffb6f9c4000 	C:\WINDOWS\SYSTEM32\WINMM.dll
0x00007ffb73420000 - 0x00007ffb7342a000 	C:\WINDOWS\SYSTEM32\VERSION.dll
0x00007ffb6f490000 - 0x00007ffb6f4bd000 	C:\WINDOWS\SYSTEM32\WINMMBASE.dll
0x00007ffb79bb0000 - 0x00007ffb79bfa000 	C:\WINDOWS\System32\cfgmgr32.dll
0x00007ffb78d60000 - 0x00007ffb78d71000 	C:\WINDOWS\System32\kernel.appcore.dll
0x00007ffb6fe00000 - 0x00007ffb6fe11000 	C:\Program Files\Java\jdk-11.0.2\bin\verify.dll
0x00007ffb76520000 - 0x00007ffb76714000 	C:\WINDOWS\SYSTEM32\DBGHELP.DLL
0x00007ffb71120000 - 0x00007ffb7114a000 	C:\WINDOWS\SYSTEM32\dbgcore.DLL
0x00007ffb68680000 - 0x00007ffb686a8000 	C:\Program Files\Java\jdk-11.0.2\bin\java.dll
0x00007ffb68660000 - 0x00007ffb68676000 	C:\Program Files\Java\jdk-11.0.2\bin\zip.dll
0x00007ffb74eb0000 - 0x00007ffb74eba000 	C:\Program Files\Java\jdk-11.0.2\bin\jimage.dll

dbghelp: loaded successfully - version: 4.0.5 - missing functions: none
symbol engine: initialized successfully - sym options: 0x614 - pdb path: .;C:\Program Files\Java\jdk-11.0.2\bin;C:\WINDOWS\SYSTEM32;C:\Program Files\AVG\Antivirus;C:\WINDOWS\WinSxS\amd64_microsoft.windows.common-controls_6595b64144ccf1df_6.0.18362.1139_none_9e7bf2d3e4605ac6;C:\Program Files\Java\jdk-11.0.2\bin\server

VM Arguments:
jvm_args: -Dcom.sun.management.jmxremote -Dcom.sun.management.jmxremote.port=56571 -Dcom.sun.management.jmxremote.authenticate=false -Dcom.sun.management.jmxremote.ssl=false -Djava.rmi.server.hostname=localhost -Dspring.jmx.enabled=true -Dspring.application.admin.enabled=true -Djdk.tls.client.protocols=TLSv1.2 -Xverify:none -XX:TieredStopAtLevel=1 -Dfile.encoding=UTF-8 
java_command: com.coder.springbootmongodbapp.SpringBootMongodbMicroseerviceElsBackendAppApplication
java_class_path (initial): C:\Users\rihab.beji\Desktop\test\spring-boot-mongodb-microseervice-els-backend-app\target\classes;C:\Users\rihab.beji\.m2\repository\org\springframework\boot\spring-boot-starter-actuator\2.4.1\spring-boot-starter-actuator-2.4.1.jar;C:\Users\rihab.beji\.m2\repository\org\springframework\boot\spring-boot-starter\2.4.1\spring-boot-starter-2.4.1.jar;C:\Users\rihab.beji\.m2\repository\org\springframework\boot\spring-boot\2.4.1\spring-boot-2.4.1.jar;C:\Users\rihab.beji\.m2\repository\org\springframework\boot\spring-boot-autoconfigure\2.4.1\spring-boot-autoconfigure-2.4.1.jar;C:\Users\rihab.beji\.m2\repository\org\springframework\boot\spring-boot-starter-logging\2.4.1\spring-boot-starter-logging-2.4.1.jar;C:\Users\rihab.beji\.m2\repository\ch\qos\logback\logback-classic\1.2.3\logback-classic-1.2.3.jar;C:\Users\rihab.beji\.m2\repository\ch\qos\logback\logback-core\1.2.3\logback-core-1.2.3.jar;C:\Users\rihab.beji\.m2\repository\org\apache\logging\log4j\log4j-to-slf4j\2.13.3\log4j-to-slf4j-2.13.3.jar;C:\Users\rihab.beji\.m2\repository\org\apache\logging\log4j\log4j-api\2.13.3\log4j-api-2.13.3.jar;C:\Users\rihab.beji\.m2\repository\org\slf4j\jul-to-slf4j\1.7.30\jul-to-slf4j-1.7.30.jar;C:\Users\rihab.beji\.m2\repository\jakarta\annotation\jakarta.annotation-api\1.3.5\jakarta.annotation-api-1.3.5.jar;C:\Users\rihab.beji\.m2\repository\org\yaml\snakeyaml\1.27\snakeyaml-1.27.jar;C:\Users\rihab.beji\.m2\repository\org\springframework\boot\spring-boot-actuator-autoconfigure\2.4.1\spring-boot-actuator-autoconfigure-2.4.1.jar;C:\Users\rihab.beji\.m2\repository\org\springframework\boot\spring-boot-actuator\2.4.1\spring-boot-actuator-2.4.1.jar;C:\Users\rihab.beji\.m2\repository\com\fasterxml\jackson\core\jackson-databind\2.11.3\jackson-databind-2.11.3.jar;C:\Users\rihab.beji\.m2\repository\com\fasterxml\jackson\core\jackson-core\2.11.3\jackson-core-2.11.3.jar;C:\Users\rihab.beji\.m2\repository\com\fasterxml\jackson\datatype\jackson-datatype-jsr310\2.11.3\jac
Launcher Type: SUN_STANDARD

[Global flags]
     bool BytecodeVerificationLocal                = false                                     {product} {command line}
     bool BytecodeVerificationRemote               = false                                     {product} {command line}
     intx CICompilerCount                          = 3                                         {product} {ergonomic}
     uint ConcGCThreads                            = 1                                         {product} {ergonomic}
     uint G1ConcRefinementThreads                  = 4                                         {product} {ergonomic}
   size_t G1HeapRegionSize                         = 1048576                                   {product} {ergonomic}
    uintx GCDrainStackTargetSize                   = 64                                        {product} {ergonomic}
   size_t InitialHeapSize                          = 266338304                                 {product} {ergonomic}
     bool ManagementServer                         = true                                      {product} {command line}
   size_t MarkStackSize                            = 4194304                                   {product} {ergonomic}
   size_t MaxHeapSize                              = 4257218560                                {product} {ergonomic}
   size_t MinHeapDeltaBytes                        = 1048576                                   {product} {ergonomic}
    uintx NonNMethodCodeHeapSize                   = 6973028                                {pd product} {ergonomic}
    uintx NonProfiledCodeHeapSize                  = 244685212                              {pd product} {ergonomic}
    uintx ProfiledCodeHeapSize                     = 0                                      {pd product} {ergonomic}
    uintx ReservedCodeCacheSize                    = 251658240                              {pd product} {ergonomic}
     bool SegmentedCodeCache                       = true                                      {product} {ergonomic}
     intx TieredStopAtLevel                        = 1                                         {product} {command line}
     bool UseCompressedClassPointers               = true                                 {lp64_product} {ergonomic}
     bool UseCompressedOops                        = true                                 {lp64_product} {ergonomic}
     bool UseG1GC                                  = true                                      {product} {ergonomic}
     bool UseLargePagesIndividualAllocation        = false                                  {pd product} {ergonomic}

Logging:
Log output configuration:
 #0: stdout all=warning uptime,level,tags
 #1: stderr all=off uptime,level,tags

Environment Variables:
JAVA_HOME=C:\Program Files\Java\jdk1.8.0_191
PATH=C:\Program Files (x86)\Common Files\Oracle\Java\javapath;C:\WINDOWS\system32;C:\WINDOWS;C:\WINDOWS\System32\Wbem;C:\WINDOWS\System32\WindowsPowerShell\v1.0\;C:\Program Files\Git\cmd;C:\WINDOWS\System32\OpenSSH\;C:\ProgramData\chocolatey\bin;C:\Program Files\Intel\WiFi\bin\;C:\Program Files\Common Files\Intel\WirelessCommon\;C:\Program Files\PuTTY\;"C:\Program Files\Java\jdk1.8.0_191\bin;C:\Program Files (x86)\apache-maven-3.6.1\bin;";C:\Program Files (x86)\apache-maven-3.6.1\bin\;C:\Users\rihab.beji\Desktop\sonar-scanner-cli-4.0.0.1744-windows\sonar-scanner-4.0.0.1744-windows\bin;C:\Program Files (x86)\Intel\Intel(R) Management Engine Components\DAL;C:\Program Files\Intel\Intel(R) Management Engine Components\DAL;C:\Program Files\OpenVPN\bin;C:\Users\rihab.beji\Desktop\test\chromedriver_win32 (1);C:\Program Files\nodejs\;C:\Users\rihab.beji\AppData\Local\Microsoft\WindowsApps;C:\Users\rihab.beji\AppData\Local\Programs\Microsoft VS Code\bin;C:\Users\rihab.beji\AppData\Local\GitHubDesktop\bin;C:\Users\rihab.beji\AppData\Roaming\npm
USERNAME=Rihab.Beji
OS=Windows_NT
PROCESSOR_IDENTIFIER=Intel64 Family 6 Model 142 Stepping 9, GenuineIntel



---------------  S Y S T E M  ---------------

OS: Windows 10 , 64 bit Build 18362 (10.0.18362.1110)

CPU:total 4 (initial active 4) (2 cores per cpu, 2 threads per core) family 6 model 142 stepping 9, cmov, cx8, fxsr, mmx, sse, sse2, sse3, ssse3, sse4.1, sse4.2, popcnt, avx, avx2, aes, clmul, erms, 3dnowpref, lzcnt, ht, tsc, tscinvbit, bmi1, bmi2, adx, fma

Memory: 4k page, system-wide physical 16239M (6032M free)
TotalPageFile size 21177M (AvailPageFile size 119M)
current process WorkingSet (physical memory assigned to process): 10M, peak: 10M
current process commit charge ("private bytes"): 49M, peak: 303M

vm_info: OpenJDK 64-Bit Server VM (11.0.2+9) for windows-amd64 JRE (11.0.2+9), built on Jan 18 2019 05:23:22 by "mach5one" with MS VC++ 15.5 (VS2017)

END.
